Method:MLE_Weibull
n=20
X
2980.41 , 3330.36 , 4947.71 , 5320.58 , 6235.71 , 6713.08 , 7330.52 , 8231.18 , 8774.06 , 8821.44 , 9099.06 , 9630.01 , 12068.3 , 13032.4 , 13125.4 , 13158.1 , 15129 , 17312.1 , 22853.1 , 23826.4 , 
log(X)
7.99982 , 8.11083 , 8.50668 , 8.57934 , 8.73805 , 8.81181 , 8.8998 , 9.01568 , 9.07955 , 9.08494 , 9.11593 , 9.17264 , 9.39833 , 9.4752 , 9.4823 , 9.48479 , 9.62437 , 9.75916 , 10.0368 , 10.0786 , 
R
1 , 0 , 1 , 0 , 0 , 1 , 0 , 0 , 0 , 0 , 1 , 0 , 0 , 0 , 1 , 0 , 0 , 0 , 0 , 1 , 
cp*=9.175681378458
cko*=0.505237409662
Q=0.000000000000
icount=27
b=2.123145196380
c=14415.311326338986
aw=9.576046207227
sw=0.470999346491

v11=1.446360189725
v12=-0.118617570398
v21=-0.118617570398
v22=0.790956035963
